Mono path[0] = 'C:/Program Files (x86)/Steam/steamapps/common/TCG Card Shop Simulator/Card Shop Simulator_Data/Managed'
Mono config path = 'C:/Program Files (x86)/Steam/steamapps/common/TCG Card Shop Simulator/MonoBleedingEdge/etc'
Fallback handler could not load library C:/Program Files (x86)/Steam/steamapps/common/TCG Card Shop Simulator/Card Shop Simulator_Data/MonoBleedingEdge/data-0000000064244090.dll
Fallback handler could not load library C:/Program Files (x86)/Steam/steamapps/common/TCG Card Shop Simulator/Card Shop Simulator_Data/MonoBleedingEdge/data-000000006C807040.dll
Fallback handler could not load library C:/Program Files (x86)/Steam/steamapps/common/TCG Card Shop Simulator/Card Shop Simulator_Data/MonoBleedingEdge/data-000000006D970040.dll
[Physics::Module] Initialized MultithreadedJobDispatcher with {0} workers.
Initialize engine version: 2021.3.38f1 (7a2fa5d8d101)
[Subsystems] Discovering subsystems at path C:/Program Files (x86)/Steam/steamapps/common/TCG Card Shop Simulator/Card Shop Simulator_Data/UnitySubsystems
GfxDevice: creating device client; threaded=1; jobified=1
Direct3D:
    Version:  Direct3D 11.0 [level 11.1]
    Renderer: NVIDIA GeForce RTX 2070 SUPER (ID=0x1e84)
    Vendor:   NVIDIA
    VRAM:     7989 MB
    Driver:   32.0.16.1062
Begin MonoManager ReloadAssembly
- Completed reload, in  0.115 seconds
[Message:   BepInEx] BepInEx 5.4.23.2 - Card Shop Simulator (6/29/2026 10:44:34 PM)
[Info   :   BepInEx] Running under Unity v2021.3.38.8007589
[Info   :   BepInEx] CLR runtime version: 4.0.30319.42000
[Info   :   BepInEx] Supports SRE: True
[Info   :   BepInEx] System platform: Bits64, Windows
[Message:   BepInEx] Preloader started
[Info   :   BepInEx] Loaded 1 patcher method from [BepInEx.Preloader 5.4.23.2]
[Info   :   BepInEx] Loaded 1 patcher method from [EnhancedPrefabLoaderPrepatch 6.0.0.0]
[Info   :   BepInEx] 2 patcher plugins loaded
[Info   :   BepInEx] Patching [UnityEngine.CoreModule] with [BepInEx.Chainloader]
[Info   :   BepInEx] Patching [Assembly-CSharp] with [EnhancedPrefabLoader.Prepatch.Patcher]
[Info   :EnhancedPrefabLoader] Starting Enhanced Prefab Loader PrePatching
[Info   :EnhancedPrefabLoader] Collection weaving complete. Weaved: 153, Skipped: 1454
[Info   :EnhancedPrefabLoader] Patching for enum EObjectType complete. 13 fields added.
[Info   :EnhancedPrefabLoader] Patching for enum EDecoObject complete. 18 fields added.
[Info   :EnhancedPrefabLoader] Patching for enum EItemType complete. 389 fields added.
[Info   :EnhancedPrefabLoader] Patching for enum ECardExpansionType complete. 159 fields added.
[Warning:EnhancedPrefabLoader] Field name 'Common' already exists in enum ERarity. Skipping.
[Warning:EnhancedPrefabLoader] Field name 'Rare' already exists in enum ERarity. Skipping.
[Info   :EnhancedPrefabLoader] Patching for enum ERarity complete. 108 fields added.
[Info   :EnhancedPrefabLoader] Patching for enum ECollectionPackType complete. 145 fields added.
[Info   :EnhancedPrefabLoader] Saved values for 6 enums
[Info   :EnhancedPrefabLoader] Enhanced Prefab Loader PrePatching complete
[Message:   BepInEx] Preloader finished
[Message:   BepInEx] Chainloader ready
[Message:   BepInEx] Chainloader started
[Info   :   BepInEx] 39 plugins to load
[Info   :   BepInEx] Loading [Configuration Manager 18.3]
[Info   :   BepInEx] Loading [Showcase 2.2.0]
[Info   :  Showcase] Plugin Showcase 2.2.0 loaded!
[Info   :   BepInEx] Loading [CardShopCoop 0.2.3]
[Info   :CardShopCoop] AUTO: will load slot 0 and host
[Info   :CardShopCoop] CardShopCoop 0.2.3 loaded. Press F2 in-game to open the co-op window.
[Info   :   BepInEx] Loading [TextureReplacer 1.6.2]
[Info   :   BepInEx] Loading [Phone - Overhaul 1.7.2]
[Info   :Phone - Overhaul] [Phone - Overhaul][ClockEditing] Config bound. Targets: UI_PhoneScreen.m_TimeText & UI_PhoneScreen.m_DayText (TMPUGUI)
[Info   :Phone - Overhaul] [PhoneBuilder] API ready (v1.5).
[Info   :Phone - Overhaul] [PhoneOverhaul][SFX] Found 1 notification sound(s)
[Info   :Phone - Overhaul] Phone - Overhaul 1.7.2 loaded.
[Info   :   BepInEx] Loading [Enhanced Prefab Loader 6.0.1]
Fallback handler could not load library C:/Program Files (x86)/Steam/steamapps/common/TCG Card Shop Simulator/Card Shop Simulator_Data/MonoBleedingEdge/data-000000007AEF94E0.dll
[Info   :   BepInEx] Loading [Enhanced Workbenches 3.0.1]
[Info   :Enhanced Workbenches] Plugin Enhanced Workbenches v:3.0.1 by GhostNarwhal is loaded!
[Info   :   BepInEx] Loading [EPL Card Animator 1.0.0]
[EPL Card Animator] EPL Card Animator ready.
[Info   :   BepInEx] Loading [EPL Demand 1.0.0]
[Info   :EPL Demand] EPL Demand 1.0.0 loaded.
[Info   :   BepInEx] Loading [BepInEx Mod Manager 1.2]
[Info   :BepInEx Mod Manager] Successfully registered phone app with Phone - Overhaul.
[Info   :   BepInEx] Loading [Grading Overhaul 3.4.2]
[Info   :Grading Overhaul] [SlabInit] Plugin path: C:\Program Files (x86)\Steam\steamapps\common\TCG Card Shop Simulator\BepInEx\plugins\Grading Overhaul
[Info   :Grading Overhaul] [SlabInit] Expansions path: C:\Program Files (x86)\Steam\steamapps\common\TCG Card Shop Simulator\BepInEx\plugins\Grading Overhaul\Admin\Expansions
[Info   :Grading Overhaul] [SlabInit] Expansions folder exists: False
[Warning:Grading Overhaul] [SlabAssets] ✗ No embedded default assets found for Custom
[Info   :Grading Overhaul] [SlabInit] Slab visual system initialized successfully.
[Info   :Grading Overhaul] [Main] Grading Overhaul loaded successfully.
[Info   :   BepInEx] Loading [Binder Overhaul 2.6.4]
[Info   :Binder Overhaul] [Init] Config bound.
[Info   :Binder Overhaul] [Binder - Overhaul][GradingBridge] Grading Overhaul detected. 3 companies loaded. BGSVariant=True HasBeenRegraded=True
[Info   :Binder Overhaul] [Binder - Overhaul][Init] Scanning for layout JSONs...
[Info   :Binder Overhaul] [Binder - Overhaul][Registry] Scan complete: 133 expansions from 148 JSONs in 148 folders; 4 categories [Vanilla, PokeCards, Hololive TCG, Pokémon Gen 1]
[Info   :Binder Overhaul] [Binder - Overhaul][Registry] Loaded 21 binder layout override(s) from 21 JSON(s); 14 with Position set
[Info   :Binder Overhaul] [Binder - Overhaul][Init] Layout scan complete.
[Info   :Binder Overhaul] [Binder - Overhaul][Init] Scanning for sort label overrides...
[Info   :Binder Overhaul] [DefaultSortLabels] Scanning: C:\Program Files (x86)\Steam\steamapps\common\TCG Card Shop Simulator\BepInEx\plugins\Binder Overhaul
[Info   :Binder Overhaul] [DefaultSortLabels] Scan complete: 0 label(s) from 1 txt file(s)
[Info   :Binder Overhaul] [Binder - Overhaul][Init] Sort label scan complete.
[Info   :Binder Overhaul] [Binder - Overhaul][Patch] Patched CollectionBinderFlipAnimCtrl.SortByDefault()
[Info   :Binder Overhaul] [Binder - Overhaul][Patch] Graded filter ready.
[Info   :Binder Overhaul] [Binder - Overhaul][Patch] New filters ready.
[Info   :Binder Overhaul] [Binder - Overhaul][Patch] NewFilterUI (vanilla clone) ready.
[Info   :Binder Overhaul] [Binder - Overhaul][Patch] DragSortByPanel patched.
[Info   :Binder Overhaul] [Binder - Overhaul][Patch] DragExpansionsPanel patched.
[Info   :Binder Overhaul] [Binder - Overhaul][Patch] StagedSorting patched.
[Info   :Binder Overhaul] [Binder - Overhaul][Patch] CustomSorting patched.
[Info   :Binder Overhaul] [Binder - Overhaul][Patch] EplExpansionCache patched.
[Info   :Binder Overhaul] [Binder - Overhaul][Patch] SafeIndexPatch (OOB guard) patched.
[Info   :Binder Overhaul] [Binder - Overhaul][Patch] AllExpansionView patched.
[Info   :Binder Overhaul] [Binder - Overhaul][Patch] AllView grading submit tracking patched.
[Info   :Binder Overhaul] [Binder - Overhaul][Patch] BinderColliderFix patched.
[Info   :Binder Overhaul] [Binder - Overhaul][Patch] Favourites patches ready.
[Info   :Binder Overhaul] [AllView] Registered 'All' button via EPL Menu API
[Info   :Binder Overhaul] [AllView] Registered 'Favourites' button via EPL Menu API
[Info   :Binder Overhaul] [ExpOrder] Patched NestedMenu.RefreshMenuEntries for expansion Position reordering
[Info   :Binder Overhaul] [Binder - Overhaul][Patch] AllView reset + pre-warm patched onto CGameData.PropagateLoadData
[Info   :Binder Overhaul] [Binder - Overhaul][Patch] Favourites load hook patched.
[Info   :Binder Overhaul] [Binder - Overhaul][Patch] Favourites save hook patched.
[Info   :Binder Overhaul] [Binder - Overhaul][Patch] Favourites new-game hook patched.
[Info   :Binder Overhaul] [Binder - Overhaul][Patch] AllView price refresh patched onto PriceChangeManager.OnDayStarted
[Info   :Binder Overhaul] [Binder - Overhaul][Patch] AllView price refresh patched onto RestockManager.Init
[Info   :   BepInEx] Loading [Card Flip View 1.0.0]
[Info   :Card Flip View] [Card Flip View v1.0.0] loaded.
[Info   :   BepInEx] Loading [Card Table Overhaul 2.3.5]
[Info   :Card Table Overhaul] [CTO][Reflect] Types: Worker=True EWorkerState=True Compartment=True CardShelf=True CPlayerData=True
[Info   :Card Table Overhaul] [CTO][Reflect] Fields: SetState=True CurrentState=True CurrentComp=True StoredList=True GetCardShelf=True GetMarket=True CardData=True
[Info   :Card Table Overhaul] [CTO][Worker] Patched SetState postfix OK.
[Info   :Card Table Overhaul] [CTO][Worker] Market resolver: OK
[Info   :Card Table Overhaul] [CTO][ShelfFilter] Patched AttemptRestockCardTable (prefix+postfix) OK.
[Info   :Card Table Overhaul] [CTO][ShelfFilter] Patched AttemptFindSetPriceCardShelf (prefix+postfix) OK.
[Info   :Card Table Overhaul] [CTO][ExpFilter] Patched AttemptFindCardStorageShelf prefix OK.
[Info   :Card Table Overhaul] [CTO][ExpFilter] Patched Worker.Update + GetRandomCard OK.
[Info   :Card Table Overhaul] [Card Table Overhaul v2.3.5] loaded.
[Info   :   BepInEx] Loading [Card Targeting AI Patch 2.0.0]
[Info   :Card Targeting AI Patch] [Card Targeting AI Patch v2.0.0] loaded.
[Info   :   BepInEx] Loading [Crouch Overhaul 1.1]
[Info   :Crouch Overhaul] [Crouch - Overhaul][Patch] Patched InteractionPlayerController.EvaluateCameraLerp()
[Info   :Crouch Overhaul] [Crouch - Overhaul][Patch] Patched InteractionPlayerController.IsCrouching()
[Info   :   BepInEx] Loading [Munch's Custom Boxes 1.2.0]
[Info   :Munch's Custom Boxes] [Munch's Custom Boxes v1.2.0] loaded.
[Info   :   BepInEx] Loading [Draw Distance Overhaul 1.2]
[Info   :Draw Distance Overhaul] [Patch] Patched PriceTagUISpawner.Update(float distance -> Var.GetPriceTagMaxDistance()).
[Info   :Draw Distance Overhaul] [Patch] Hooked Card3dUISpawner.UpdateSimplifyCardDistance() for live simplify slider.
[Info   :Draw Distance Overhaul] [Patch] Hooked Card3dUISpawner.Update() for far cull slider.
[Info   :Draw Distance Overhaul] [Patch] All requested patches applied.
[Info   :   BepInEx] Loading [Endgame Overhaul 2.4.0]
[Info   :Endgame Overhaul] Harmony patches applied.
[Info   :Endgame Overhaul] Endgame Overhaul 2.4.0 loaded.
[Info   :Endgame Overhaul] [Main] Root GameObject will be created on first save load...
[Info   :   BepInEx] Loading [Faster Interactions 1.3.2]
[Info   :Faster Interactions] [Faster Interactions][Patch] Patched feature groups.
[Info   :Faster Interactions] [Faster Interactions] Loaded v1.3.2 (DebugMode=False)
[Info   :   BepInEx] Loading [GradeDataLifeSaver 1.0.1]
[Info   :GradeDataLifeSaver] [GradeDataLifeSaver] SetCardUI grade clamp: neutralising 3 instructions at IL offset 5 (pop + nop + ble→br)
[Info   :GradeDataLifeSaver] [GradeDataLifeSaver] Grade clamp removed successfully.
[Info   :GradeDataLifeSaver] [GradeDataLifeSaver] Binder amount clamp: neutralising 3 instructions at IL offset 513 (pop + nop + ble→br)
[Info   :GradeDataLifeSaver] [GradeDataLifeSaver] Binder clamp removed successfully.
[Info   :GradeDataLifeSaver] [GradeDataLifeSaver] Grade data preservation patch applied.
[Info   :   BepInEx] Loading [Grand Library 1.5.5]
[Info   :Grand Library] [Grand Library][Init] Loaded v1.5.5.
[Info   :   BepInEx] Loading [Hanger Tag Fitter 1.3.2]
[Info   :Hanger Tag Fitter] [Hanger Tag Fitter][Init] Loaded v1.3.2. EnableMod=True
[Info   :   BepInEx] Loading [Holographic Overhaul 3.2.0]
[Info   :Holographic Overhaul] [Config] Initialized - Per-card settings managed via settings.txt files
[Info   :Holographic Overhaul] [FoilAssets] Material ready - FoilBlendedStrength, Shader: Holo/UI/CardFoilRainbow
[Info   :Holographic Overhaul] [FoilAssets] Found 148 prefabloader folders
[Info   :Holographic Overhaul] [FoilAssets] Loaded 242 EFL expansions
[Info   :Holographic Overhaul] [FoilAssets] Discovered 14 expansion folder(s) in tree
[Info   :Holographic Overhaul] [FoilAssets] Cached 238 card foil configurations
[Info   :Holographic Overhaul] [FoilAssets] System ready. Root: C:\Program Files (x86)\Steam\steamapps\common\TCG Card Shop Simulator\BepInEx\plugins\Holographic Overhaul\Holographics
[Info   :GradeDataLifeSaver] [GradeDataLifeSaver] SetCardUI grade clamp: neutralising 3 instructions at IL offset 5 (pop + nop + ble→br)
[Info   :GradeDataLifeSaver] [GradeDataLifeSaver] Grade clamp removed successfully.
[Info   :Holographic Overhaul] [Patch] Patched CardUI.SetCardUI(CardData)
[Info   :Holographic Overhaul] [Patch] Patched CardUI.SetFoilMaterialList
[Info   :Holographic Overhaul] [Plugin] Holographic Overhaul initialized successfully
[Info   :   BepInEx] Loading [Item Targeting AI Patch 3.0.0]
[Info   :Item Targeting AI Patch] [Item Targeting AI Patch v3.0.0] loaded.
[Info   :   BepInEx] Loading [Playmat Hanger 1.0.2]
[Info   :Playmat Hanger] [Playmat Hanger][Init] Loaded v1.0.2.
[Info   :   BepInEx] Loading [PTCGO Extras 1.4.0]
[Info   :PTCGO Extras] [PTCGO Extras][EGOShopTooltip] Upgrade tooltips patched.
[Info   :PTCGO Extras] [PTCGO Extras v1.4.0] loaded.
[Info   :   BepInEx] Loading [Reviews Matter 1.4.0]
[ChatBubblesDb] Loaded 626 lines from C:\Program Files (x86)\Steam\steamapps\common\TCG Card Shop Simulator\BepInEx\config\ChatBubbles.csv
[ChatBubblesDb] Sample key: source="Source" label="Label" entries=1
[ChatBubblesDb] Sample key: source="BlockedStore" label="negative" entries=19
[ChatBubblesDb] Sample key: source="BoxOutFront" label="negative" entries=20
[ReviewMessagesDb] Loaded 489 lines from C:\Program Files (x86)\Steam\steamapps\common\TCG Card Shop Simulator\BepInEx\config\ReviewMessages.csv
[ReviewMessagesDb] Sample key: source="Source" label="Label" entries=1
[ReviewMessagesDb] Sample key: source="BlockedStore" label="negative" entries=19
[ReviewMessagesDb] Sample key: source="BoxOutFront" label="negative" entries=20
[Info   :Reviews Matter] [SignalReader] Patched Customer.AddReviewData
[Info   :Reviews Matter] [ReviewShipper] Patched: CustomerReviewManager.CustomerSendReviewList
[Info   :Reviews Matter] [ReviewShipper] Patched: CustomerReviewManager.GetReviewTextString
[Info   :Reviews Matter] [Economy] DecideIfFinishShopping transpiler: replaced 50% threshold with score-driven value.
[Info   :Reviews Matter] [Economy] Hooks applied (wallet, keep-shopping transpiler, purchase amount, visitor cap, play table clamp)
[Info   :Reviews Matter] [ChatBubbles] Patched Customer.PopupText (synthetic overrides + activity-aware CSV + absolute chance + logs)
[Info   :Reviews Matter] [NewChatBubbles] Ready (Customer.PopupText reflected)
[Info   :Reviews Matter] [WorkerCashierCheckout] Hooks applied (worker bubble on checkout).
[Info   :Reviews Matter] [ChatBubbles] PlaytablePlayAmbient hooks applied (10–16s, 80% while playing).
[Info   :Reviews Matter] [PhoneScore] Patched: CustomerReviewManager.GetAverageRating
[Info   :Reviews Matter] [StatusPanel] Patched: CustomerReviewScreen.Init
[Info   :Reviews Matter] [TournamentPatch] Patched Customer.ExitShop
[Info   :Reviews Matter] [TournamentPatch] Patched Customer.DeactivateCustomer
[Info   :Reviews Matter] [ReviewSave] Patched CSaveLoad.Load
[Info   :Reviews Matter] [ReviewSave] Patched CSaveLoad.Save
[Info   :Reviews Matter] [ReviewSave] Patched CPlayerData.CreateDefaultData
[Info   :Reviews Matter] [ReviewSave] Patched CGameData.PropagateLoadData
[Info   :Reviews Matter] [Reviews Matter v1.4.0] loaded.
[Info   :   BepInEx] Loading [Scanner Overhaul 1.2.2]
[Info   :   BepInEx] Loading [Shop Overhaul 1.6.0]
[Info   :Shop Overhaul] [Shop - Overhaul][Patch] Harmony PatchAll applied
[Info   :   BepInEx] Loading [Shopping List Overhaul 2.2.0]
[Info   :Shopping List Overhaul] [Main] Creating root GameObject...
[Info   :Shopping List Overhaul] Successfully registered Shopping List app with Phone - Overhaul.
[Info   :Shopping List Overhaul] [Main] Root GameObject created: [Shopping List - Overhaul]
[Info   :Shopping List Overhaul] [Shopping List - Overhaul][Patch] Patched TCGCardShopSimulator.ShoppingListOverhaul.Patches.CustomerManager_ShoppingListBlacklist
[Info   :Shopping List Overhaul] [Shopping List - Overhaul][Patch] Patched TCGCardShopSimulator.ShoppingListOverhaul.Patches.Customer_LogShoppingItinerary
[Info   :Shopping List Overhaul] [Shopping List - Overhaul][Patch] Patched TCGCardShopSimulator.ShoppingListOverhaul.Patches.CustomerManager_NextWeekTrends
[Info   :Shopping List Overhaul] [Shopping List - Overhaul][Patch] Patched TCGCardShopSimulator.ShoppingListOverhaul.ShoppingListScreenBootstrap
[Info   :Shopping List Overhaul] [Shopping List - Overhaul][Patch] Patched=4
[Info   :   BepInEx] Loading [Smelly Customer AI Patch 2.0.6]
[Info   :Smelly Customer AI Patch] [Smelly Customer AI Patch v2.0.6] loaded.
[Info   :   BepInEx] Loading [Trading Overhaul 1.5.7]
[Info   :Trading Overhaul] [Trading - Overhaul] [RarityWeight] Scanning for .txt configs in: C:\Program Files (x86)\Steam\steamapps\common\TCG Card Shop Simulator\BepInEx\plugins\Trading Overhaul
[Info   :Trading Overhaul] [Trading - Overhaul] [RarityWeight] Loaded 14 expansion configs from 15 .txt files
[Info   :GradeDataLifeSaver] [GradeDataLifeSaver] SetCardUI grade clamp: neutralising 3 instructions at IL offset 5 (pop + nop + ble→br)
[Info   :GradeDataLifeSaver] [GradeDataLifeSaver] Grade clamp removed successfully.
[Info   :Trading Overhaul] [Trading - Overhaul] [Patch] Patched Trading - Overhaul (PatchAll)
[Info   :   BepInEx] Loading [Wall Mount Framework 1.5.1]
[Info   :Wall Mount Framework] [Wall Mount Framework v1.5.1] loaded.
[Info   :   BepInEx] Loading [Warehouse Shelf Overhaul 1.2]
[Info   :Warehouse Shelf Overhaul] [Warehouse Shelf Overhaul][Init] Loaded v1.2. EnableMod=True, DebugMode=False
[Info   :   BepInEx] Loading [Worker AI Overhaul 1.3.9]
[Info   :Worker AI Overhaul] [Worker AI Overhaul v1.3.9] loaded.
[Info   :   BepInEx] Loading [Lady Luck 5.2.0.0]
Fallback handler could not load library C:/Program Files (x86)/Steam/steamapps/common/TCG Card Shop Simulator/Card Shop Simulator_Data/MonoBleedingEdge/data-000000007AEFAD00.dll
Fallback handler could not load library C:/Program Files (x86)/Steam/steamapps/common/TCG Card Shop Simulator/Card Shop Simulator_Data/MonoBleedingEdge/data-000000007AEF64A0.dll
[Info   :   BepInEx] Loading [PTCGO Economics 1.9.1]
[Info   :PTCGO Economics] [PTCGO Economics] Disabled EPL price reset hotkey (Shift+R) — use PTCGO Economics F11 instead.
[Info   :   BepInEx] Loading [PTCGO EPL API Extender 1.1.0]
[Info   :PTCGO EPL API Extender] [PTCGO EPL API Extender][Reveal] Variable reveal-limit transpiler applied (4 sites).
[Info   :PTCGO EPL API Extender] [PTCGO EPL API Extender v1.1.0] loaded.
[Message:   BepInEx] Chainloader startup complete
<RI> Initializing input.
New input system (experimental) initialized
Using XInput
<RI> Input initialized.
<RI> Initialized touch support.
[Info   :Phone - Overhaul] [PhoneOverhaul][SFX] Loaded: A (0.6s)
UnloadTime: 1.221700 ms
Local User: DefiniteZer0:0
DontDestroyOnLoad only works for root GameObjects or components on root GameObjects.
Failed to load the Steam App List: State = ProtocolError, Error Message = HTTP/1.1 404 Not Found
[Debug  :   BepInEx] [UnityInput] Using LegacyInputSystem
[TextureReplacer] CustomObjects_Load component added: True
[TextureReplacer] Caching Meshes...
[TextureReplacer] Meshes cached!
[TextureReplacer] Caching Textures...
[TextureReplacer] Textures chached!
[TextureReplacer] Caching Cubemaps...
[TextureReplacer] Cubemaps cached!
[TextureReplacer] Card Font cached at start
[TextureReplacer] Card Data cached at start
[TextureReplacer] Custom Textures replacing...
[TextureReplacer] Custom Textures replaced!
[CustomObjects] json files loaded!
[CustomObjects] obj files loaded!
[CustomObjects] png files loaded!
[Info   :CardShopCoop] AUTO: loading slot 0...
[Info   :Hanger Tag Fitter] [Hanger Tag Fitter][Skin] Loaded 'Snow' from bundle 'dxpegboardhanger'.
[Info   :Hanger Tag Fitter] [Hanger Tag Fitter][Skin] Loaded 'Steel' from bundle 'dxpegboardhanger'.
[Info   :Hanger Tag Fitter] [Hanger Tag Fitter][Skin] All bundle skins loaded; late-apply complete.
[EPL Card Animator] No animation bundles (*.assets) found under C:\Program Files (x86)\Steam\steamapps\common\TCG Card Shop Simulator\BepInEx\plugins\EPLCardAnimator — nothing to animate.
[EPL Card Animator] Streaming mode: frames load on demand and unload 20s after no card is showing them. (VerboseLogging shows each load/unload.)
[Info   :PTCGO Extras] [PTCGO Extras][CardNumberCache] Indexed 28803 card numbers across 117 expansions in 126 bundles (0 expansion blocks skipped — name did not resolve to a known ECardExpansionType).
[Info   :PTCGO Economics] [PTCGO Economics][PackGen] IndexMap has 172 entries, reverseMap has 172 entries
[Info   :PTCGO Economics] [PTCGO Economics][PackGen] Tier 'Common': all 65 resolved OK
[Info   :PTCGO Economics] [PTCGO Economics][PackGen] Tier 'Uncommon': all 41 resolved OK
[Info   :PTCGO Economics] [PTCGO Economics][PackGen] Tier 'Rare': all 19 resolved OK
[Info   :PTCGO Economics] [PTCGO Economics][PackGen] Tier 'DoubleRare': all 12 resolved OK
[Info   :PTCGO Economics] [PTCGO Economics][PackGen] Tier 'UltraRare': all 11 resolved OK
[Info   :PTCGO Economics] [PTCGO Economics][PackGen] Tier 'OshiRare': all 14 resolved OK
[Info   :PTCGO Economics] [PTCGO Economics][PackGen] Tier 'OshiUltraRare': all 8 resolved OK
[Info   :PTCGO Economics] [PTCGO Economics][PackGen] Tier 'SecretRare': all 2 resolved OK
[Info   :PTCGO Economics] [PTCGO Economics][PackGen] IndexMap has 204 entries, reverseMap has 204 entries
[Info   :PTCGO Economics] [PTCGO Economics][PackGen] Tier 'Common': all 57 resolved OK
[Info   :PTCGO Economics] [PTCGO Economics][PackGen] Tier 'Uncommon': all 44 resolved OK
[Info   :PTCGO Economics] [PTCGO Economics][PackGen] Tier 'Rare': all 18 resolved OK
[Info   :PTCGO Economics] [PTCGO Economics][PackGen] Tier 'DoubleRare': all 15 resolved OK
[Info   :PTCGO Economics] [PTCGO Economics][PackGen] Tier 'SpecialArt': all 5 resolved OK
[Info   :PTCGO Economics] [PTCGO Economics][PackGen] Tier 'SuperRare': all 32 resolved OK
[Info   :PTCGO Economics] [PTCGO Economics][PackGen] Tier 'UltraRare': all 12 resolved OK
[Info   :PTCGO Economics] [PTCGO Economics][PackGen] Tier 'OshiRare': all 10 resolved OK
[Info   :PTCGO Economics] [PTCGO Economics][PackGen] Tier 'OshiUltraRare': all 7 resolved OK
[Info   :PTCGO Economics] [PTCGO Economics][PackGen] Tier 'SecretRare': all 4 resolved OK
[Info   :PTCGO Economics] [PTCGO Economics][PackGen] IndexMap has 218 entries, reverseMap has 218 entries
[Info   :PTCGO Economics] [PTCGO Economics][PackGen] Tier 'Common': all 55 resolved OK
[Info   :PTCGO Economics] [PTCGO Economics][PackGen] Tier 'Uncommon': all 52 resolved OK
[Info   :PTCGO Economics] [PTCGO Economics][PackGen] Tier 'Rare': all 21 resolved OK
[Info   :PTCGO Economics] [PTCGO Economics][PackGen] Tier 'DoubleRare': all 15 resolved OK
[Info   :PTCGO Economics] [PTCGO Economics][PackGen] Tier 'SpecialArt': all 6 resolved OK
[Info   :PTCGO Economics] [PTCGO Economics][PackGen] Tier 'SuperRare': all 34 resolved OK
[Info   :PTCGO Economics] [PTCGO Economics][PackGen] Tier 'UltraRare': all 12 resolved OK
[Info   :PTCGO Economics] [PTCGO Economics][PackGen] Tier 'OshiRare': all 11 resolved OK
[Info   :PTCGO Economics] [PTCGO Economics][PackGen] Tier 'OshiUltraRare': all 8 resolved OK
[Info   :PTCGO Economics] [PTCGO Economics][PackGen] Tier 'SecretRare': all 4 resolved OK
[Info   :PTCGO Economics] [PTCGO Economics][PackGen] IndexMap has 165 entries, reverseMap has 165 entries
[Info   :PTCGO Economics] [PTCGO Economics][PackGen] Tier 'Common': all 35 resolved OK
[Info   :PTCGO Economics] [PTCGO Economics][PackGen] Tier 'Uncommon': all 34 resolved OK
[Info   :PTCGO Economics] [PTCGO Economics][PackGen] Tier 'Rare': all 18 resolved OK
[Info   :PTCGO Economics] [PTCGO Economics][PackGen] Tier 'DoubleRare': all 12 resolved OK
[Info   :PTCGO Economics] [PTCGO Economics][PackGen] Tier 'SpecialArt': all 6 resolved OK
[Info   :PTCGO Economics] [PTCGO Economics][PackGen] Tier 'SuperRare': all 30 resolved OK
[Info   :PTCGO Economics] [PTCGO Economics][PackGen] Tier 'UltraRare': all 12 resolved OK
[Info   :PTCGO Economics] [PTCGO Economics][PackGen] Tier 'OshiRare': all 7 resolved OK
[Info   :PTCGO Economics] [PTCGO Economics][PackGen] Tier 'OshiUltraRare': all 7 resolved OK
[Info   :PTCGO Economics] [PTCGO Economics][PackGen] Tier 'SecretRare': all 4 resolved OK
[Info   :PTCGO Economics] [PTCGO Economics][PackGen] IndexMap has 167 entries, reverseMap has 167 entries
[Info   :PTCGO Economics] [PTCGO Economics][PackGen] Tier 'Common': all 22 resolved OK
[Info   :PTCGO Economics] [PTCGO Economics][PackGen] Tier 'Uncommon': all 31 resolved OK
[Info   :PTCGO Economics] [PTCGO Economics][PackGen] Tier 'Rare': all 25 resolved OK
[Info   :PTCGO Economics] [PTCGO Economics][PackGen] Tier 'DoubleRare': all 14 resolved OK
[Info   :PTCGO Economics] [PTCGO Economics][PackGen] Tier 'SpecialArt': all 6 resolved OK
[Info   :PTCGO Economics] [PTCGO Economics][PackGen] Tier 'SuperRare': all 36 resolved OK
[Info   :PTCGO Economics] [PTCGO Economics][PackGen] Tier 'UltraRare': all 12 resolved OK
[Info   :PTCGO Economics] [PTCGO Economics][PackGen] Tier 'OshiRare': all 9 resolved OK
[Info   :PTCGO Economics] [PTCGO Economics][PackGen] Tier 'OshiUltraRare': all 7 resolved OK
[Info   :PTCGO Economics] [PTCGO Economics][PackGen] Tier 'SecretRare': all 5 resolved OK
[Info   :PTCGO Economics] [PTCGO Economics][PackGen] IndexMap has 191 entries, reverseMap has 191 entries
[Info   :PTCGO Economics] [PTCGO Economics][PackGen] Tier 'Common': all 40 resolved OK
[Info   :PTCGO Economics] [PTCGO Economics][PackGen] Tier 'Uncommon': all 36 resolved OK
[Info   :PTCGO Economics] [PTCGO Economics][PackGen] Tier 'Rare': all 23 resolved OK
[Info   :PTCGO Economics] [PTCGO Economics][PackGen] Tier 'DoubleRare': all 17 resolved OK
[Info   :PTCGO Economics] [PTCGO Economics][PackGen] Tier 'SpecialArt': all 6 resolved OK
[Info   :PTCGO Economics] [PTCGO Economics][PackGen] Tier 'SuperRare': all 35 resolved OK
[Info   :PTCGO Economics] [PTCGO Economics][PackGen] Tier 'UltraRare': all 12 resolved OK
[Info   :PTCGO Economics] [PTCGO Economics][PackGen] Tier 'OshiRare': all 10 resolved OK
[Info   :PTCGO Economics] [PTCGO Economics][PackGen] Tier 'OshiUltraRare': all 8 resolved OK
[Info   :PTCGO Economics] [PTCGO Economics][PackGen] Tier 'SecretRare': all 4 resolved OK
[Info   :PTCGO Economics] [PTCGO Economics][PackGen] IndexMap has 211 entries, reverseMap has 211 entries
[Info   :PTCGO Economics] [PTCGO Economics][PackGen] Tier 'Common': all 51 resolved OK
[Info   :PTCGO Economics] [PTCGO Economics][PackGen] Tier 'Uncommon': all 39 resolved OK
[Info   :PTCGO Economics] [PTCGO Economics][PackGen] Tier 'Rare': all 27 resolved OK
[Info   :PTCGO Economics] [PTCGO Economics][PackGen] Tier 'DoubleRare': all 16 resolved OK
[Info   :PTCGO Economics] [PTCGO Economics][PackGen] Tier 'SpecialArt': all 6 resolved OK
[Info   :PTCGO Economics] [PTCGO Economics][PackGen] Tier 'SuperRare': all 38 resolved OK
[Info   :PTCGO Economics] [PTCGO Economics][PackGen] Tier 'UltraRare': all 12 resolved OK
[Info   :PTCGO Economics] [PTCGO Economics][PackGen] Tier 'OshiRare': all 11 resolved OK
[Info   :PTCGO Economics] [PTCGO Economics][PackGen] Tier 'OshiUltraRare': all 7 resolved OK
[Info   :PTCGO Economics] [PTCGO Economics][PackGen] Tier 'SecretRare': all 4 resolved OK
[Info   :PTCGO Economics] [PTCGO Economics] Started - 7/7 expansions, 2/7 item bundles.
[Info   :PTCGO EPL API Extender] [Registry] MT_1stEdBaseSet_MT: pack MT_1stEdBaseSetBoosterPacks_MT x7, box MT_1stEdBaseSetBoosterBox_MT x8, 102 priced cards (Default.json).
[Info   :PTCGO EPL API Extender] [Registry] MT_1stEdFossil_MT: pack MT_1stEdFossilBoosterPacks_MT x7, box MT_1stEdFossilBoosterBox_MT x8, 62 priced cards (Default.json).
[Info   :PTCGO EPL API Extender] [Registry] MT_1stEdGymChallenge_MT: pack MT_1stEdGymChallengeBoosterPacks_MT x7, box MT_1stEdGymChallengeBoosterBox_MT x8, 132 priced cards (Default.json).
[Info   :PTCGO EPL API Extender] [Registry] MT_1stEdGymHeroes_MT: pack MT_1stEdGymHeroesBoosterPacks_MT x7, box MT_1stEdGymHeroesBoosterBox_MT x8, 132 priced cards (Default.json).
[Info   :PTCGO EPL API Extender] [Registry] MT_1stEdJungle_MT: pack MT_1stEdJungleBoosterPacks_MT x7, box MT_1stEdJungleBoosterBox_MT x8, 65 priced cards (Default.json).
[Info   :PTCGO EPL API Extender] [Registry] MT_1stEdTeamRocket_MT: pack MT_1stEdTeamRocketBoosterPacks_MT x7, box MT_1stEdTeamRocketBoosterBox_MT x8, 83 priced cards (Default.json).
[Info   :PTCGO EPL API Extender] [Registry] MT_BaseSet_MT: pack MT_BaseSetBoosterPacks_MT x7, box MT_BaseSetBoosterBox_MT x8, 102 priced cards (Default.json).
[Info   :PTCGO EPL API Extender] [Registry] MT_BaseSet2_MT: pack MT_BaseSet2BoosterPacks_MT x7, box MT_BaseSet2BoosterBox_MT x8, 130 priced cards (Default.json).
[Info   :PTCGO EPL API Extender] [Registry] MT_Fossil_MT: pack MT_FossilBoosterPacks_MT x7, box MT_FossilBoosterBox_MT x8, 62 priced cards (Default.json).
[Info   :PTCGO EPL API Extender] [Registry] MT_GymChallenge_MT: pack MT_GymChallengeBoosterPacks_MT x7, box MT_GymChallengeBoosterBox_MT x8, 132 priced cards (Default.json).
[Info   :PTCGO EPL API Extender] [Registry] MT_GymHeroes_MT: pack MT_GymHeroesBoosterPacks_MT x7, box MT_GymHeroesBoosterBox_MT x8, 132 priced cards (Default.json).
[Info   :PTCGO EPL API Extender] [Registry] MT_Jungle_MT: pack MT_JungleBoosterPacks_MT x7, box MT_JungleBoosterBox_MT x8, 64 priced cards (Default.json).
[Info   :PTCGO EPL API Extender] [Registry] MT_TeamRocket_MT: pack MT_TeamRocketBoosterPacks_MT x7, box MT_TeamRocketBoosterBox_MT x8, 83 priced cards (Default.json).
[Info   :PTCGO EPL API Extender] [Registry] Gen 1 Pokemon Gameboy Games: 6 item(s) (GameboyGames.json).
[Info   :PTCGO EPL API Extender] [Registry] Gen 1 Pokemon N64 Games: 5 item(s) (N64Games.json).
[Info   :PTCGO EPL API Extender] [Registry] Gen 1 Pokemon Deckboxes: 4 item(s) (PokemonDeckboxes.json).
[Info   :PTCGO EPL API Extender] [Registry] Gen 1 Pokemon Manga: 2 item(s) (PokemonManga.json).
[Info   :PTCGO EPL API Extender] [Registry] Gen 1 Pokemon Playmats: 2 item(s) (PokemonPlaymats.json).
[Info   :PTCGO EPL API Extender] [Registry] Gen 1 Pokemon Plushies: 6 item(s) (PokemonPlushies.json).
[Info   :PTCGO EPL API Extender] [Registry] Gen 1 Pokemon Sleeves: 4 item(s) (PokemonSleeves.json).
[Info   :PTCGO EPL API Extender] [Registry] Gen 1 Pokemon Theme Decks: 7 item(s) (ThemeDecks.json).
[Info   :PTCGO EPL API Extender] [PTCGO EPL API Extender][Registry] Loaded 13 expansion(s) and 8 item bundle(s) from 34 JSON file(s).
[Info   :PTCGO EPL API Extender] [Generator] Bound generator to MT_1stEdBaseSetBoosterPacks_MT (7 cards).
[Info   :PTCGO EPL API Extender] [Generator] Bound generator to MT_1stEdFossilBoosterPacks_MT (7 cards).
[Info   :PTCGO EPL API Extender] [Generator] Bound generator to MT_1stEdGymChallengeBoosterPacks_MT (7 cards).
[Info   :PTCGO EPL API Extender] [Generator] Bound generator to MT_1stEdGymHeroesBoosterPacks_MT (7 cards).
[Info   :PTCGO EPL API Extender] [Generator] Bound generator to MT_1stEdJungleBoosterPacks_MT (7 cards).
[Info   :PTCGO EPL API Extender] [Generator] Bound generator to MT_1stEdTeamRocketBoosterPacks_MT (7 cards).
[Info   :PTCGO EPL API Extender] [Generator] Bound generator to MT_BaseSetBoosterPacks_MT (7 cards).
[Info   :PTCGO EPL API Extender] [Generator] Bound generator to MT_BaseSet2BoosterPacks_MT (7 cards).
[Info   :PTCGO EPL API Extender] [Generator] Bound generator to MT_FossilBoosterPacks_MT (7 cards).
[Info   :PTCGO EPL API Extender] [Generator] Bound generator to MT_GymChallengeBoosterPacks_MT (7 cards).
[Info   :PTCGO EPL API Extender] [Generator] Bound generator to MT_GymHeroesBoosterPacks_MT (7 cards).
[Info   :PTCGO EPL API Extender] [Generator] Bound generator to MT_JungleBoosterPacks_MT (7 cards).
[Info   :PTCGO EPL API Extender] [Generator] Bound generator to MT_TeamRocketBoosterPacks_MT (7 cards).
[Info   :PTCGO EPL API Extender] [PTCGO EPL API Extender][Generator] Bound 13 pack generator(s).
[Info   :PTCGO EPL API Extender] [PTCGO EPL API Extender][PricingRegistrar] 13 card price generator(s) registered.
[Info   :PTCGO EPL API Extender] [PTCGO EPL API Extender][PricingRegistrar] 9 item cost generator(s) registered across 9 bundle(s).
[Info   :PTCGO EPL API Extender] [PTCGO EPL API Extender] Disabled EPL price reset hotkey (Shift+R) — use the configured Reset hotkey instead.
[Info   :PTCGO EPL API Extender] [PTCGO EPL API Extender] bundle loading complete; framework initialized (2 group profile(s)).
[Error  : Lady Luck] [LADY LUCK] ExpansionPackGenerator not found.
Unloading 6 Unused Serialized files (Serialized files now loaded: 148)
UnloadTime: 27.782600 ms
DontDestroyOnLoad only works for root GameObjects or components on root GameObjects.
DontDestroyOnLoad only works for root GameObjects or components on root GameObjects.
DontDestroyOnLoad only works for root GameObjects or components on root GameObjects.
[Warning:Endgame Overhaul] [EGOCustomShopScreen] Expansion ID 'MT_SouthernIslands_MT' is a compatible expansion for the EGO Shop, but it was not found in your mod list. If you want to see it in the EGO Shop, please download that mod (not mandatory).
[Warning:Endgame Overhaul] [EGOCustomShopScreen] Expansion ID 'Union Arena Tournament' is a compatible expansion for the EGO Shop, but it was not found in your mod list. If you want to see it in the EGO Shop, please download that mod (not mandatory).
[Debug  :Reviews Matter] [ReviewSave] New game — RAM reset to defaults.
DontDestroyOnLoad only works for root GameObjects or components on root GameObjects.
Unexpected timestamp values detected. This can occur in H.264 videos not encoded with the baseline profile. Timestamps will be skewed to correct the playback for C:/Users/zwhit/AppData/Local/Temp/EGO_Background.mp4
WindowsVideoMedia error unhandled Color Standard: 0  falling back to default this may result in rendering issues
BoxCollider does not support negative scale or size.
The effective box size has been forced positive and is likely to give unexpected collision geometry.
If you absolutely need to use negative scaling you can use the convex MeshCollider. Scene hierarchy path "PathfindingColliderAndFloorGrp/Door_Obstacle"
BoxCollider does not support negative scale or size.
The effective box size has been forced positive and is likely to give unexpected collision geometry.
If you absolutely need to use negative scaling you can use the convex MeshCollider. Scene hierarchy path "PathfindingColliderAndFloorGrp/Door_Obstacle (1)"
BoxCollider does not support negative scale or size.
The effective box size has been forced positive and is likely to give unexpected collision geometry.
If you absolutely need to use negative scaling you can use the convex MeshCollider. Scene hierarchy path "DecorationBlockerGrp/Door_Obstacle (2)"
BoxCollider does not support negative scale or size.
The effective box size has been forced positive and is likely to give unexpected collision geometry.
If you absolutely need to use negative scaling you can use the convex MeshCollider. Scene hierarchy path "DecorationBlockerGrp/Door_Obstacle (3)"
BoxCollider does not support negative scale or size.
The effective box size has been forced positive and is likely to give unexpected collision geometry.
If you absolutely need to use negative scaling you can use the convex MeshCollider. Scene hierarchy path "Level_Environment_Grp/Env_Grp/House/House_01 (1)/Inner_Door_01_LOD0.001"
BoxCollider does not support negative scale or size.
The effective box size has been forced positive and is likely to give unexpected collision geometry.
If you absolutely need to use negative scaling you can use the convex MeshCollider. Scene hierarchy path "Level_Environment_Grp/Env_Grp/House/House_01 (1)/Inner_Door_01_LOD0.001"
BoxCollider does not support negative scale or size.
The effective box size has been forced positive and is likely to give unexpected collision geometry.
If you absolutely need to use negative scaling you can use the convex MeshCollider. Scene hierarchy path "Level_Environment_Grp/Env_Grp/House/House_01 (1)/Inner_Door_01_LOD0.002"
BoxCollider does not support negative scale or size.
The effective box size has been forced positive and is likely to give unexpected collision geometry.
If you absolutely need to use negative scaling you can use the convex MeshCollider. Scene hierarchy path "Level_Environment_Grp/Env_Grp/House/House_01 (1)/Inner_Door_01_LOD0.002"
BoxCollider does not support negative scale or size.
The effective box size has been forced positive and is likely to give unexpected collision geometry.
If you absolutely need to use negative scaling you can use the convex MeshCollider. Scene hierarchy path "UnlockRoomManager/WarehouseBlockerGrp/WHLockedRoomBlocker_Grp_Depth_B_1/AnimGrp/LockedRoomBlocker"
BoxCollider does not support negative scale or size.
The effective box size has been forced positive and is likely to give unexpected collision geometry.
If you absolutely need to use negative scaling you can use the convex MeshCollider. Scene hierarchy path "UnlockRoomManager/WarehouseBlockerGrp/WHLockedRoomBlocker_Grp_Depth_B_2/AnimGrp/LockedRoomBlocker"
BoxCollider does not support negative scale or size.
The effective box size has been forced positive and is likely to give unexpected collision geometry.
If you absolutely need to use negative scaling you can use the convex MeshCollider. Scene hierarchy path "UnlockRoomManager/WarehouseBlockerGrp/WHLockedRoomBlocker_Grp4/AnimGrp/QueueBlocker"
BoxCollider does not support negative scale or size.
The effective box size has been forced positive and is likely to give unexpected collision geometry.
If you absolutely need to use negative scaling you can use the convex MeshCollider. Scene hierarchy path "UnlockRoomManager/WarehouseBlockerGrp/WHLockedRoomBlocker_Grp4/AnimGrp/LockedRoomBlocker"
BoxCollider does not support negative scale or size.
The effective box size has been forced positive and is likely to give unexpected collision geometry.
If you absolutely need to use negative scaling you can use the convex MeshCollider. Scene hierarchy path "UnlockRoomManager/WarehouseBlockerGrp/WHLockedRoomBlocker_Grp_Depth_A_1/AnimGrp/LockedRoomBlocker"
BoxCollider does not support negative scale or size.
The effective box size has been forced positive and is likely to give unexpected collision geometry.
If you absolutely need to use negative scaling you can use the convex MeshCollider. Scene hierarchy path "UnlockRoomManager/WarehouseBlockerGrp/WHLockedRoomBlocker_Grp2/AnimGrp/QueueBlocker"
BoxCollider does not support negative scale or size.
The effective box size has been forced positive and is likely to give unexpected collision geometry.
If you absolutely need to use negative scaling you can use the convex MeshCollider. Scene hierarchy path "UnlockRoomManager/WarehouseBlockerGrp/WHLockedRoomBlocker_Grp/AnimGrp/LockedRoomBlocker"
BoxCollider does not support negative scale or size.
The effective box size has been forced positive and is likely to give unexpected collision geometry.
If you absolutely need to use negative scaling you can use the convex MeshCollider. Scene hierarchy path "UnlockRoomManager/WarehouseBlockerGrp/WHLockedRoomBlocker_Grp_Depth_A_2/AnimGrp/QueueBlocker"
BoxCollider does not support negative scale or size.
The effective box size has been forced positive and is likely to give unexpected collision geometry.
If you absolutely need to use negative scaling you can use the convex MeshCollider. Scene hierarchy path "UnlockRoomManager/WarehouseBlockerGrp/WHLockedRoomBlocker_Grp_Depth_B_2/AnimGrp/QueueBlocker"
BoxCollider does not support negative scale or size.
The effective box size has been forced positive and is likely to give unexpected collision geometry.
If you absolutely need to use negative scaling you can use the convex MeshCollider. Scene hierarchy path "UnlockRoomManager/WarehouseBlockerGrp/WHLockedRoomBlocker_Grp_Depth_B_1/AnimGrp/QueueBlocker"
BoxCollider does not support negative scale or size.
The effective box size has been forced positive and is likely to give unexpected collision geometry.
If you absolutely need to use negative scaling you can use the convex MeshCollider. Scene hierarchy path "UnlockRoomManager/WarehouseBlockerGrp/WHLockedRoomBlocker_Grp/AnimGrp/QueueBlocker"
BoxCollider does not support negative scale or size.
The effective box size has been forced positive and is likely to give unexpected collision geometry.
If you absolutely need to use negative scaling you can use the convex MeshCollider. Scene hierarchy path "UnlockRoomManager/WarehouseBlockerGrp/WHLockedRoomBlocker_Grp_Depth_A_2/AnimGrp/LockedRoomBlocker"
BoxCollider does not support negative scale or size.
The effective box size has been forced positive and is likely to give unexpected collision geometry.
If you absolutely need to use negative scaling you can use the convex MeshCollider. Scene hierarchy path "UnlockRoomManager/WarehouseBlockerGrp/WHLockedRoomBlocker_Grp4/AnimGrp/LockedRoomBlocker"
BoxCollider does not support negative scale or size.
The effective box size has been forced positive and is likely to give unexpected collision geometry.
If you absolutely need to use negative scaling you can use the convex MeshCollider. Scene hierarchy path "UnlockRoomManager/WarehouseBlockerGrp/WHLockedRoomBlocker_Grp_Depth_A_1/AnimGrp/QueueBlocker"
BoxCollider does not support negative scale or size.
The effective box size has been forced positive and is likely to give unexpected collision geometry.
If you absolutely need to use negative scaling you can use the convex MeshCollider. Scene hierarchy path "UnlockRoomManager/WarehouseBlockerGrp/WHLockedRoomBlocker_Grp4/AnimGrp/QueueBlocker"
BoxCollider does not support negative scale or size.
The effective box size has been forced positive and is likely to give unexpected collision geometry.
If you absolutely need to use negative scaling you can use the convex MeshCollider. Scene hierarchy path "UnlockRoomManager/WarehouseBlockerGrp/WHLockedRoomBlocker_Grp2/AnimGrp/LockedRoomBlocker"
BoxCollider does not support negative scale or size.
The effective box size has been forced positive and is likely to give unexpected collision geometry.
If you absolutely need to use negative scaling you can use the convex MeshCollider. Scene hierarchy path "UnlockRoomManager/WarehouseBlockerGrp/WHLockedRoomBlocker_Grp_Depth_C_2/AnimGrp/QueueBlocker"
BoxCollider does not support negative scale or size.
The effective box size has been forced positive and is likely to give unexpected collision geometry.
If you absolutely need to use negative scaling you can use the convex MeshCollider. Scene hierarchy path "UnlockRoomManager/WarehouseBlockerGrp/WHLockedRoomBlocker_Grp2/AnimGrp/LockedRoomBlocker"
BoxCollider does not support negative scale or size.
The effective box size has been forced positive and is likely to give unexpected collision geometry.
If you absolutely need to use negative scaling you can use the convex MeshCollider. Scene hierarchy path "UnlockRoomManager/WarehouseBlockerGrp/WHLockedRoomBlocker_Grp3/AnimGrp/QueueBlocker"
BoxCollider does not support negative scale or size.
The effective box size has been forced positive and is likely to give unexpected collision geometry.
If you absolutely need to use negative scaling you can use the convex MeshCollider. Scene hierarchy path "UnlockRoomManager/WarehouseBlockerGrp/WHLockedRoomBlocker_Grp_Depth_C_1/AnimGrp/QueueBlocker"
BoxCollider does not support negative scale or size.
The effective box size has been forced positive and is likely to give unexpected collision geometry.
If you absolutely need to use negative scaling you can use the convex MeshCollider. Scene hierarchy path "UnlockRoomManager/WarehouseBlockerGrp/WHLockedRoomBlocker_Grp3/AnimGrp/LockedRoomBlocker"
BoxCollider does not support negative scale or size.
The effective box size has been forced positive and is likely to give unexpected collision geometry.
If you absolutely need to use negative scaling you can use the convex MeshCollider. Scene hierarchy path "UnlockRoomManager/WarehouseBlockerGrp/WHLockedRoomBlocker_GrpB/AnimGrp/QueueBlocker"
BoxCollider does not support negative scale or size.
The effective box size has been forced positive and is likely to give unexpected collision geometry.
If you absolutely need to use negative scaling you can use the convex MeshCollider. Scene hierarchy path "UnlockRoomManager/WarehouseBlockerGrp/WHLockedRoomBlocker_Grp2/AnimGrp/QueueBlocker"
BoxCollider does not support negative scale or size.
The effective box size has been forced positive and is likely to give unexpected collision geometry.
If you absolutely need to use negative scaling you can use the convex MeshCollider. Scene hierarchy path "UnlockRoomManager/WarehouseBlockerGrp/WHLockedRoomBlocker_Grp_Depth_C_2/AnimGrp/LockedRoomBlocker"
BoxCollider does not support negative scale or size.
The effective box size has been forced positive and is likely to give unexpected collision geometry.
If you absolutely need to use negative scaling you can use the convex MeshCollider. Scene hierarchy path "UnlockRoomManager/WarehouseBlockerGrp/WHLockedRoomBlocker_Grp_Depth_C_1/AnimGrp/LockedRoomBlocker"
BoxCollider does not support negative scale or size.
The effective box size has been forced positive and is likely to give unexpected collision geometry.
If you absolutely need to use negative scaling you can use the convex MeshCollider. Scene hierarchy path "UnlockRoomManager/WarehouseBlockerGrp/WHLockedRoomBlocker_Grp3/AnimGrp/QueueBlocker"
BoxCollider does not support negative scale or size.
The effective box size has been forced positive and is likely to give unexpected collision geometry.
If you absolutely need to use negative scaling you can use the convex MeshCollider. Scene hierarchy path "UnlockRoomManager/WarehouseBlockerGrp/WHLockedRoomBlocker_GrpB/AnimGrp/LockedRoomBlocker"
BoxCollider does not support negative scale or size.
The effective box size has been forced positive and is likely to give unexpected collision geometry.
If you absolutely need to use negative scaling you can use the convex MeshCollider. Scene hierarchy path "UnlockRoomManager/WarehouseBlockerGrp/WHLockedRoomBlocker_Grp3/AnimGrp/LockedRoomBlocker"
BoxCollider does not support negative scale or size.
The effective box size has been forced positive and is likely to give unexpected collision geometry.
If you absolutely need to use negative scaling you can use the convex MeshCollider. Scene hierarchy path "UnlockRoomManager/WarehouseBlockerGrp/WHLockedRoomBlocker_Grp_Depth_C_1/AnimGrp/LockedRoomBlockerDeco"
BoxCollider does not support negative scale or size.
The effective box size has been forced positive and is likely to give unexpected collision geometry.
If you absolutely need to use negative scaling you can use the convex MeshCollider. Scene hierarchy path "UnlockRoomManager/WarehouseBlockerGrp/WHLockedRoomBlocker_GrpB/AnimGrp/LockedRoomBlockerDeco"
BoxCollider does not support negative scale or size.
The effective box size has been forced positive and is likely to give unexpected collision geometry.
If you absolutely need to use negative scaling you can use the convex MeshCollider. Scene hierarchy path "UnlockRoomManager/WarehouseBlockerGrp/WHLockedRoomBlocker_Grp3/AnimGrp/LockedRoomBlockerDeco"
BoxCollider does not support negative scale or size.
The effective box size has been forced positive and is likely to give unexpected collision geometry.
If you absolutely need to use negative scaling you can use the convex MeshCollider. Scene hierarchy path "UnlockRoomManager/WarehouseBlockerGrp/WHLockedRoomBlocker_Grp_Depth_C_2/AnimGrp/LockedRoomBlockerDeco"
BoxCollider does not support negative scale or size.
The effective box size has been forced positive and is likely to give unexpected collision geometry.
If you absolutely need to use negative scaling you can use the convex MeshCollider. Scene hierarchy path "UnlockRoomManager/WarehouseBlockerGrp/WHLockedRoomBlocker_Grp3/AnimGrp/LockedRoomBlockerDeco"
BoxCollider does not support negative scale or size.
The effective box size has been forced positive and is likely to give unexpected collision geometry.
If you absolutely need to use negative scaling you can use the convex MeshCollider. Scene hierarchy path "UnlockRoomManager/WarehouseBlockerGrp/WHLockedRoomBlocker_Grp2/AnimGrp/LockedRoomBlockerDeco"
BoxCollider does not support negative scale or size.
The effective box size has been forced positive and is likely to give unexpected collision geometry.
If you absolutely need to use negative scaling you can use the convex MeshCollider. Scene hierarchy path "UnlockRoomManager/WarehouseBlockerGrp/WHLockedRoomBlocker_Grp_Depth_A_2/AnimGrp/LockedRoomBlockerDeco"
BoxCollider does not support negative scale or size.
The effective box size has been forced positive and is likely to give unexpected collision geometry.
If you absolutely need to use negative scaling you can use the convex MeshCollider. Scene hierarchy path "UnlockRoomManager/WarehouseBlockerGrp/WHLockedRoomBlocker_Grp4/AnimGrp/LockedRoomBlockerDeco"
BoxCollider does not support negative scale or size.
The effective box size has been forced positive and is likely to give unexpected collision geometry.
If you absolutely need to use negative scaling you can use the convex MeshCollider. Scene hierarchy path "UnlockRoomManager/WarehouseBlockerGrp/WHLockedRoomBlocker_Grp2/AnimGrp/LockedRoomBlockerDeco"
BoxCollider does not support negative scale or size.
The effective box size has been forced positive and is likely to give unexpected collision geometry.
If you absolutely need to use negative scaling you can use the convex MeshCollider. Scene hierarchy path "UnlockRoomManager/WarehouseBlockerGrp/WHLockedRoomBlocker_Grp_Depth_A_1/AnimGrp/LockedRoomBlockerDeco"
BoxCollider does not support negative scale or size.
The effective box size has been forced positive and is likely to give unexpected collision geometry.
If you absolutely need to use negative scaling you can use the convex MeshCollider. Scene hierarchy path "UnlockRoomManager/WarehouseBlockerGrp/WHLockedRoomBlocker_Grp4/AnimGrp/LockedRoomBlockerDeco"
BoxCollider does not support negative scale or size.
The effective box size has been forced positive and is likely to give unexpected collision geometry.
If you absolutely need to use negative scaling you can use the convex MeshCollider. Scene hierarchy path "UnlockRoomManager/WarehouseBlockerGrp/WHLockedRoomBlocker_Grp/AnimGrp/LockedRoomBlockerDeco"
BoxCollider does not support negative scale or size.
The effective box size has been forced positive and is likely to give unexpected collision geometry.
If you absolutely need to use negative scaling you can use the convex MeshCollider. Scene hierarchy path "UnlockRoomManager/WarehouseBlockerGrp/WHLockedRoomBlocker_Grp_Depth_B_1/AnimGrp/LockedRoomBlockerDeco"
BoxCollider does not support negative scale or size.
The effective box size has been forced positive and is likely to give unexpected collision geometry.
If you absolutely need to use negative scaling you can use the convex MeshCollider. Scene hierarchy path "UnlockRoomManager/WarehouseBlockerGrp/WHLockedRoomBlocker_Grp_Depth_B_2/AnimGrp/LockedRoomBlockerDeco"
[TextureReplacer] Custom 3D Objects replacing...
[TextureReplacer] Custom 3D Objects replaced!
[TextureReplacer] Custom Textures replacing...
[TextureReplacer] Custom Textures replaced!
[CustomObjects_Load] Restoring placed objects. Types=0
Unloading 352 unused Assets to reduce memory usage. Loaded Objects now: 527573.
Total: 448.682500 ms (FindLiveObjects: 93.112000 ms CreateObjectMapping: 41.614500 ms MarkObjects: 310.326600 ms  DeleteObjects: 3.628100 ms)

LoadData m_CurrentSaveLoadSlotSelectedIndex 0
[Debug  :Reviews Matter] [ReviewSave] Loaded slot 0 (EWMA=4.23, reviews=50, texts=50).
[Info   :Worker AI Overhaul] [Worker AI Overhaul][Save] Loaded slot 0 with 2 worker entries
[Info   :Binder Overhaul] [AllView][Cache] Building fresh cache (dirty=True)
[Info   :Binder Overhaul] [AllView][Cache] Processed exp=Tetramon (0): monsters=121, cacheSize=1
[Info   :Binder Overhaul] [AllView][Cache] Processed exp=Destiny (1): monsters=121, cacheSize=1
[Info   :Binder Overhaul] [AllView][Cache] Processed exp=Ghost (2): monsters=20, cacheSize=1
[Info   :Binder Overhaul] [AllView][Cache] Processed exp=Megabot (3): monsters=113, cacheSize=1
[Info   :Binder Overhaul] [AllView][Cache] Processed exp=FantasyRPG (4): monsters=50, cacheSize=1
[Info   :Binder Overhaul] [AllView][Cache] Processed exp=CatJob (5): monsters=40, cacheSize=1
[Info   :Binder Overhaul] [AllView][Cache] Processed exp=FoodieGO (6): monsters=121, cacheSize=1
[Info   :Binder Overhaul] [AllView][Cache] Processed exp=LegendaryCollection (200000): monsters=121, cacheSize=1
[Info   :Binder Overhaul] [AllView][Cache] Processed exp=BaseSet (200001): monsters=121, cacheSize=1
[Info   :Binder Overhaul] [AllView][Cache] Processed exp=_1stEditionBaseSet (200002): monsters=121, cacheSize=1
[Info   :Binder Overhaul] [AllView][Cache] Processed exp=Jungle (200003): monsters=121, cacheSize=1
[Info   :Binder Overhaul] [AllView][Cache] Processed exp=_1stEditionJungle (200004): monsters=121, cacheSize=1
[Info   :Binder Overhaul] [AllView][Cache] Processed exp=Fossil (200005): monsters=121, cacheSize=1
[Info   :Binder Overhaul] [AllView][Cache] Processed exp=_1stEditionFossil (200006): monsters=121, cacheSize=1
[Info   :Binder Overhaul] [AllView][Cache] Processed exp=BaseSet2 (200007): monsters=121, cacheSize=1
[Info   :Binder Overhaul] [AllView][Cache] Processed exp=TeamRocket (200008): monsters=121, cacheSize=1
[Info   :Binder Overhaul] [AllView][Cache] Processed exp=_1stEditionTeamRocket (200009): monsters=121, cacheSize=1
[Info   :Binder Overhaul] [AllView][Cache] Processed exp=WotCPromos (200010): monsters=121, cacheSize=1
[Info   :Binder Overhaul] [AllView][Cache] Processed exp=GymHeroes (200011): monsters=121, cacheSize=1
[Info   :Binder Overhaul] [AllView][Cache] Processed exp=_1stEditionGymHeroes (200012): monsters=121, cacheSize=1
[Info   :Binder Overhaul] [AllView][Cache] Processed exp=GymChallenge (200013): monsters=121, cacheSize=1
[Info   :Binder Overhaul] [AllView][Cache] Processed exp=_1stEditionGymChallenge (200014): monsters=121, cacheSize=1
[Info   :Binder Overhaul] [AllView][Cache] Processed exp=NeoGenesis (200015): monsters=121, cacheSize=1
[Info   :Binder Overhaul] [AllView][Cache] Processed exp=_1stEditionNeoGenesis (200016): monsters=121, cacheSize=1
[Info   :Binder Overhaul] [AllView][Cache] Processed exp=NeoDiscovery (200017): monsters=121, cacheSize=1
[Info   :Binder Overhaul] [AllView][Cache] Processed exp=_1stEditionNeoDiscovery (200018): monsters=121, cacheSize=1
[Info   :Binder Overhaul] [AllView][Cache] Processed exp=NeoRevelation (200019): monsters=121, cacheSize=1
[Info   :Binder Overhaul] [AllView][Cache] Processed exp=_1stEditionNeoRevelation (200020): monsters=121, cacheSize=1
[Info   :Binder Overhaul] [AllView][Cache] Processed exp=NeoDestiny (200021): monsters=121, cacheSize=1
[Info   :Binder Overhaul] [AllView][Cache] Processed exp=_1stEditionNeoDestiny (200022): monsters=121, cacheSize=1
[Info   :Binder Overhaul] [AllView][Cache] Processed exp=Expedition (200023): monsters=121, cacheSize=1
[Info   :Binder Overhaul] [AllView][Cache] Processed exp=Aquapolis (200024): monsters=121, cacheSize=1
[Info   :Binder Overhaul] [AllView][Cache] Processed exp=Skyridge (200025): monsters=121, cacheSize=1
[Info   :Binder Overhaul] [AllView][Cache] Processed exp=AscendedHeroesET (200026): monsters=473, cacheSize=11
[Info   :Binder Overhaul] [AllView][Cache] Processed exp=MegaEvolutionET (200027): monsters=349, cacheSize=11
[Info   :Binder Overhaul] [AllView][Cache] Processed exp=PhantasmalFlamesET (200028): monsters=214, cacheSize=12
[Info   :Binder Overhaul] [AllView][Cache] Processed exp=BlackBoltET (200029): monsters=252, cacheSize=12
[Info   :Binder Overhaul] [AllView][Cache] Processed exp=WhireFlareET (200030): monsters=253, cacheSize=13
[Info   :Binder Overhaul] [AllView][Cache] Processed exp=DestinedRivalsET (200031): monsters=409, cacheSize=14
[Info   :Binder Overhaul] [AllView][Cache] Processed exp=JourneyTogetherET (200032): monsters=333, cacheSize=16
[Info   :Binder Overhaul] [AllView][Cache] Processed exp=PrismaticEvolutionET (200033): monsters=278, cacheSize=17
[Info   :Binder Overhaul] [AllView][Cache] Processed exp=SurgingSparksETHH (200034): monsters=417, cacheSize=17
[Info   :Binder Overhaul] [AllView][Cache] Processed exp=StellarCrownET (200035): monsters=298, cacheSize=17
[Info   :Binder Overhaul] [AllView][Cache] Processed exp=ShroudedFableET (200036): monsters=152, cacheSize=19
[Info   :Binder Overhaul] [AllView][Cache] Processed exp=TwilightMasqueradeET (200037): monsters=373, cacheSize=19
[Info   :Binder Overhaul] [AllView][Cache] Processed exp=TemporalForcesET (200038): monsters=358, cacheSize=21
[Info   :Binder Overhaul] [AllView][Cache] Processed exp=PaldeanFatesET (200039): monsters=326, cacheSize=22
[Info   :Binder Overhaul] [AllView][Cache] Processed exp=ParadoxRiftETHH (200040): monsters=428, cacheSize=23
[Info   :Binder Overhaul] [AllView][Cache] Processed exp=Scarlet_Violet151ET (200041): monsters=358, cacheSize=24
[Info   :Binder Overhaul] [AllView][Cache] Processed exp=ObsidianFlamesET (200042): monsters=406, cacheSize=26
[Info   :Binder Overhaul] [AllView][Cache] Processed exp=PaldeaEvolvedET (200043): monsters=451, cacheSize=26
[Info   :Binder Overhaul] [AllView][Cache] Processed exp=ScarletandVioletET (200044): monsters=716, cacheSize=26
[Info   :Binder Overhaul] [AllView][Cache] Processed exp=CrownZenithET (200045): monsters=323, cacheSize=26
[Info   :Binder Overhaul] [AllView][Cache] Processed exp=SilverTempestET (200046): monsters=375, cacheSize=26
[Info   :Binder Overhaul] [AllView][Cache] Processed exp=LostOriginET (200047): monsters=374, cacheSize=27
[Info   :Binder Overhaul] [AllView][Cache] Processed exp=PokemonGOET (200048): monsters=130, cacheSize=28
[Info   :Binder Overhaul] [AllView][Cache] Processed exp=AstralRadianceET (200049): monsters=354, cacheSize=28
[Info   :Binder Overhaul] [AllView][Cache] Processed exp=BrilliantStarsET (200050): monsters=330, cacheSize=30
[Info   :Binder Overhaul] [AllView][Cache] Processed exp=FusionStrikeET (200051): monsters=488, cacheSize=33
[Info   :Binder Overhaul] [AllView][Cache] Processed exp=CelebrationsET (200052): monsters=62, cacheSize=33
[Info   :Binder Overhaul] [AllView][Cache] Processed exp=EvolvingSkiesET (200053): monsters=349, cacheSize=35
[Info   :Binder Overhaul] [AllView][Cache] Processed exp=ChillingReignET (200054): monsters=345, cacheSize=35
[Info   :Binder Overhaul] [AllView][Cache] Processed exp=BattleStylesET (200055): monsters=290, cacheSize=37
[Info   :Binder Overhaul] [AllView][Cache] Processed exp=ShiningFatesET (200056): monsters=234, cacheSize=37
[Info   :Binder Overhaul] [AllView][Cache] Processed exp=VividVoltageET (200057): monsters=326, cacheSize=38
[Info   :Binder Overhaul] [AllView][Cache] Processed exp=Champion_sPathET (200058): monsters=124, cacheSize=38
[Info   :Binder Overhaul] [AllView][Cache] Processed exp=DarknessAblazeET (200059): monsters=338, cacheSize=39
[Info   :Binder Overhaul] [AllView][Cache] Processed exp=RebelClashET (200060): monsters=342, cacheSize=41
[Info   :Binder Overhaul] [AllView][Cache] Processed exp=SwordandShieldET (200061): monsters=671, cacheSize=41
[Info   :Binder Overhaul] [AllView][Cache] Processed exp=TrickorTradeSetET (200062): monsters=179, cacheSize=41
[Info   :Binder Overhaul] [AllView][Cache] Processed exp=PerfectOrderET (200063): monsters=203, cacheSize=42
[Info   :Binder Overhaul] [AllView][Cache] Processed exp=SunandMoonET (200064): monsters=537, cacheSize=43
[Info   :Binder Overhaul] [AllView][Cache] Processed exp=GuardiansRisingET (200065): monsters=287, cacheSize=44
[Info   :Binder Overhaul] [AllView][Cache] Processed exp=BurningShadowsET (200066): monsters=285, cacheSize=44
[Info   :Binder Overhaul] [AllView][Cache] Processed exp=ShiningLegendsET (200067): monsters=138, cacheSize=44
[Info   :Binder Overhaul] [AllView][Cache] Processed exp=CrimsonInvasionET (200068): monsters=216, cacheSize=44
[Info   :Binder Overhaul] [AllView][Cache] Processed exp=UltraPrismET (200069): monsters=298, cacheSize=44
[Info   :Binder Overhaul] [AllView][Cache] Processed exp=ForbiddenLightET (200070): monsters=251, cacheSize=44
[Info   :Binder Overhaul] [AllView][Cache] Processed exp=CelestialStormET (200071): monsters=320, cacheSize=45
[Info   :Binder Overhaul] [AllView][Cache] Processed exp=DragonMajestyET (200072): monsters=134, cacheSize=45
[Info   :Binder Overhaul] [AllView][Cache] Processed exp=LostThunderET (200073): monsters=410, cacheSize=45
[Info   :Binder Overhaul] [AllView][Cache] Processed exp=TeamUpET (200074): monsters=339, cacheSize=45
[Info   :Binder Overhaul] [AllView][Cache] Processed exp=DetectivePikachuET (200075): monsters=32, cacheSize=45
[Info   :Binder Overhaul] [AllView][Cache] Processed exp=UnbrokenBondsET (200076): monsters=410, cacheSize=45
[Info   :Binder Overhaul] [AllView][Cache] Processed exp=UnifiedMindsET (200077): monsters=454, cacheSize=45
[Info   :Binder Overhaul] [AllView][Cache] Processed exp=HiddenFatesET (200078): monsters=219, cacheSize=46
[Info   :Binder Overhaul] [AllView][Cache] Processed exp=CosmicEclipseET (200079): monsters=464, cacheSize=46
[Info   :Binder Overhaul] [AllView][Cache] Processed exp=FlashfireET (200080): monsters=200, cacheSize=46
[Info   :Binder Overhaul] [AllView][Cache] Processed exp=FuriousFistsET (200081): monsters=210, cacheSize=46
[Info   :Binder Overhaul] [AllView][Cache] Processed exp=PhantomForcesET (200082): monsters=226, cacheSize=46
[Info   :Binder Overhaul] [AllView][Cache] Processed exp=PrimalClashET (200083): monsters=296, cacheSize=47
[Info   :Binder Overhaul] [AllView][Cache] Processed exp=DoubleCrisisET (200084): monsters=66, cacheSize=47
[Info   :Binder Overhaul] [AllView][Cache] Processed exp=RoaringSkiesET (200085): monsters=196, cacheSize=49
[Info   :Binder Overhaul] [AllView][Cache] Processed exp=AncientOriginsET (200086): monsters=172, cacheSize=50
[Info   :Binder Overhaul] [AllView][Cache] Processed exp=BREAKthroughET (200087): monsters=302, cacheSize=50
[Info   :Binder Overhaul] [AllView][Cache] Processed exp=BREAKpointET (200088): monsters=220, cacheSize=50
[Info   :Binder Overhaul] [AllView][Cache] Processed exp=GenerationsET (200089): monsters=211, cacheSize=51
[Info   :Binder Overhaul] [AllView][Cache] Processed exp=FatesCollideET (200090): monsters=222, cacheSize=53
[Info   :Binder Overhaul] [AllView][Cache] Processed exp=SteamSiegeET (200091): monsters=209, cacheSize=54
[Info   :Binder Overhaul] [AllView][Cache] Processed exp=EvolutionsET (200092): monsters=196, cacheSize=55
[Info   :Binder Overhaul] [AllView][Cache] Processed exp=BlackandWhiteET (200093): monsters=328, cacheSize=56
[Info   :Binder Overhaul] [AllView][Cache] Processed exp=EmergingPowersET (200094): monsters=194, cacheSize=56
[Info   :Binder Overhaul] [AllView][Cache] Processed exp=NobleVictoriesET (200095): monsters=198, cacheSize=57
[Info   :Binder Overhaul] [AllView][Cache] Processed exp=NextDestiniesET (200096): monsters=190, cacheSize=59
[Info   :Binder Overhaul] [AllView][Cache] Processed exp=DarkExplorersET (200097): monsters=207, cacheSize=59
[Info   :Binder Overhaul] [AllView][Cache] Processed exp=DragonsExaltedET (200098): monsters=240, cacheSize=59
[Info   :Binder Overhaul] [AllView][Cache] Processed exp=DragonVaultET (200099): monsters=21, cacheSize=59
[Info   :Binder Overhaul] [AllView][Cache] Processed exp=BoundariesCrossedET (200100): monsters=283, cacheSize=59
[Info   :Binder Overhaul] [AllView][Cache] Processed exp=PlasmaStormET (200101): monsters=257, cacheSize=60
[Info   :Binder Overhaul] [AllView][Cache] Processed exp=PlasmaFreezeET (200102): monsters=222, cacheSize=61
[Info   :Binder Overhaul] [AllView][Cache] Processed exp=PlasmaBlastET (200103): monsters=190, cacheSize=61
[Info   :Binder Overhaul] [AllView][Cache] Processed exp=LegendaryTreasuresET (200104): monsters=260, cacheSize=62
[Info   :Binder Overhaul] [AllView][Cache] Processed exp=CallofLegendsET (200105): monsters=212, cacheSize=63
[Info   :Binder Overhaul] [AllView][Cache] Processed exp=HeartGoldandSoulSilverET (200106): monsters=262, cacheSize=63
[Info   :Binder Overhaul] [AllView][Cache] Processed exp=UnleashedET (200107): monsters=179, cacheSize=63
[Info   :Binder Overhaul] [AllView][Cache] Processed exp=UndauntedET (200108): monsters=171, cacheSize=63
[Info   :Binder Overhaul] [AllView][Cache] Processed exp=_094TriumphantET (200109): monsters=193, cacheSize=64
[Info   :Binder Overhaul] [AllView][Cache] Processed exp=_095PlatinumET (200110): monsters=257, cacheSize=64
[Info   :Binder Overhaul] [AllView][Cache] Processed exp=_096RisingRivalsET (200111): monsters=228, cacheSize=66
[Info   :Binder Overhaul] [AllView][Cache] Processed exp=_097SupremeVictorsET (200112): monsters=296, cacheSize=66
[Info   :Binder Overhaul] [AllView][Cache] Processed exp=_098ArceusET (200113): monsters=216, cacheSize=67
[Info   :Binder Overhaul] [AllView][Cache] Processed exp=_099_Diamond_PearlET (200114): monsters=313, cacheSize=67
[Info   :Binder Overhaul] [AllView][Cache] Processed exp=_100_MysteriousTreasuresET (200115): monsters=244, cacheSize=68
[Info   :Binder Overhaul] [AllView][Cache] Processed exp=_101_SecretWondersET (200116): monsters=262, cacheSize=69
[Info   :Binder Overhaul] [AllView][Cache] Processed exp=_102_GreatEncountersET (200117): monsters=208, cacheSize=69
[Info   :Binder Overhaul] [AllView][Cache] Processed exp=_103_MajesticDawnET (200118): monsters=196, cacheSize=69
[Info   :Binder Overhaul] [AllView][Cache] Processed exp=_104_LegendsAwakenedET (200119): monsters=285, cacheSize=73
[Info   :Binder Overhaul] [AllView][Cache] Processed exp=_105_StormfrontET (200120): monsters=204, cacheSize=74
[Info   :Binder Overhaul] [AllView][Cache] Processed exp=ChaosRisingExpansionType (200121): monsters=198, cacheSize=76
[Info   :Binder Overhaul] [AllView][Cache] Processed exp=EX_Ruby___SapphireExpansionType (200122): monsters=236, cacheSize=76
[Info   :Binder Overhaul] [AllView][Cache] Processed exp=EX_SandstormExpansionType (200123): monsters=179, cacheSize=76
[Info   :Binder Overhaul] [AllView][Cache] Processed exp=EX_DragonExpansionType (200124): monsters=176, cacheSize=76
[Info   :Binder Overhaul] [AllView][Cache] Processed exp=EX_Team_Magma_vs_Team_AquaExpansionType (200125): monsters=173, cacheSize=76
[Info   :Binder Overhaul] [AllView][Cache] Processed exp=EX_Hidden_LegendsExpansionType (200126): monsters=179, cacheSize=76
[Info   :Binder Overhaul] [AllView][Cache] Processed exp=EX_FireRed_LeafGreenExpansionType (200127): monsters=202, cacheSize=77
[Info   :Binder Overhaul] [AllView][Cache] Processed exp=EX_Team_Rocket_ReturnsExpansionType (200128): monsters=192, cacheSize=77
[Info   :Binder Overhaul] [AllView][Cache] Processed exp=EX_DeoxysExpansionType (200129): monsters=188, cacheSize=77
[Info   :Binder Overhaul] [AllView][Cache] Processed exp=EX_EmeraldExpansionType (200130): monsters=185, cacheSize=77
[Info   :Binder Overhaul] [AllView][Cache] Processed exp=EX_Unseen_ForcesExpansionType (200131): monsters=226, cacheSize=77
[Info   :Binder Overhaul] [AllView][Cache] Processed exp=EX_Delta_SpeciesExpansionType (200132): monsters=203, cacheSize=77
[Info   :Binder Overhaul] [AllView][Cache] Processed exp=EX_Legend_MakerExpansionType (200133): monsters=161, cacheSize=77
[Info   :Binder Overhaul] [AllView][Cache] Processed exp=EX_Holon_PhantomsExpansionType (200134): monsters=192, cacheSize=77
[Info   :Binder Overhaul] [AllView][Cache] Processed exp=EX_Crystal_GuardiansExpansionType (200135): monsters=175, cacheSize=77
[Info   :Binder Overhaul] [AllView][Cache] Processed exp=EX_Dragon_FrontiersExpansionType (200136): monsters=178, cacheSize=77
[Info   :Binder Overhaul] [AllView][Cache] Processed exp=EX_Power_KeepersExpansionType (200137): monsters=186, cacheSize=78
[Info   :Binder Overhaul] [AllView][Cache] Processed exp=EXes_HololiveTCG01 (200138): monsters=172, cacheSize=120
[Info   :Binder Overhaul] [AllView][Cache] Processed exp=EXes_HololiveTCG02 (200139): monsters=204, cacheSize=168
[Info   :Binder Overhaul] [AllView][Cache] Processed exp=EXes_HololiveTCG03 (200140): monsters=218, cacheSize=202
[Info   :Binder Overhaul] [AllView][Cache] Processed exp=EXes_HololiveTCG04 (200141): monsters=165, cacheSize=203
[Info   :Binder Overhaul] [AllView][Cache] Processed exp=EXes_HololiveTCG05 (200142): monsters=167, cacheSize=204
[Info   :Binder Overhaul] [AllView][Cache] Processed exp=EXes_HololiveTCG06 (200143): monsters=191, cacheSize=204
[Info   :Binder Overhaul] [AllView][Cache] Processed exp=EXes_HololiveTCG07 (200144): monsters=211, cacheSize=204
[Info   :Binder Overhaul] [AllView][Cache] Processed exp=MT_1stEdBaseSet_MT (200145): monsters=102, cacheSize=205
[Info   :Binder Overhaul] [AllView][Cache] Processed exp=MT_BaseSet_MT (200146): monsters=102, cacheSize=234
[Info   :Binder Overhaul] [AllView][Cache] Processed exp=MT_1stEdJungle_MT (200147): monsters=65, cacheSize=234
[Info   :Binder Overhaul] [AllView][Cache] Processed exp=MT_Jungle_MT (200148): monsters=64, cacheSize=274
[Info   :Binder Overhaul] [AllView][Cache] Processed exp=MT_WizardsoftheCoastPromos_MT (200149): monsters=53, cacheSize=274
[Info   :Binder Overhaul] [AllView][Cache] Processed exp=MT_1stEdFossil_MT (200150): monsters=62, cacheSize=274
[Info   :Binder Overhaul] [AllView][Cache] Processed exp=MT_Fossil_MT (200151): monsters=62, cacheSize=316
[Info   :Binder Overhaul] [AllView][Cache] Processed exp=MT_BaseSet2_MT (200152): monsters=130, cacheSize=318
[Info   :Binder Overhaul] [AllView][Cache] Processed exp=MT_1stEdTeamRocket_MT (200153): monsters=83, cacheSize=320
[Info   :Binder Overhaul] [AllView][Cache] Processed exp=MT_TeamRocket_MT (200154): monsters=83, cacheSize=322
[Info   :Binder Overhaul] [AllView][Cache] Processed exp=MT_1stEdGymHeroes_MT (200155): monsters=132, cacheSize=323
[Info   :Binder Overhaul] [AllView][Cache] Processed exp=MT_GymHeroes_MT (200156): monsters=132, cacheSize=324
[Info   :Binder Overhaul] [AllView][Cache] Processed exp=MT_1stEdGymChallenge_MT (200157): monsters=132, cacheSize=325
[Info   :Binder Overhaul] [AllView][Cache] Processed exp=MT_GymChallenge_MT (200158): monsters=132, cacheSize=325
[Debug  :Reviews Matter] [ReviewSave][Propagate] PostFix fired, pendingReattach=True
[Debug  :Reviews Matter] [ReviewSave][Reattach] 50 / 50 custom texts re-attached (list has 50 reviews, saved has 50 entries).
ArgumentOutOfRangeException: Index was out of range. Must be non-negative and less than the size of the collection.
Parameter name: index
  at System.Collections.Generic.List`1[T].get_Item (System.Int32 index) [0x00009] in <80e08c2cc04049bf931fc9038d04f397>:0 
  at EnhancedWorkbenches.EnhancedWorkbench.InitFromSaveData (EnhancedWorkbenches.Models.EnhancedWorkbenchSaveData saveData) [0x000fa] in <002d5d7f68ca491caf42fb5336256bf5>:0 
  at EnhancedWorkbenches.WorkbenchManager.InitializeWorkbench (InteractableWorkbench workbench, System.Int32 workbenchNumber) [0x0003e] in <002d5d7f68ca491caf42fb5336256bf5>:0 
  at EnhancedWorkbenches.WorkbenchManager.OnGameDataFinishLoaded (CEventPlayer_GameDataFinishLoaded e) [0x0002a] in <002d5d7f68ca491caf42fb5336256bf5>:0 
  at CEventManager+<>c__DisplayClass12_0`1[T].<AddListenerPrivate>b__0 (CEvent e) [0x00000] in <938ac25ca9e84746a6c9c1fe7e3705d9>:0 
  at (wrapper delegate-invoke) <Module>.invoke_void_CEvent(CEvent)
  at CEventManager.OnNotify (CEvent evt) [0x00018] in <938ac25ca9e84746a6c9c1fe7e3705d9>:0 
  at CEventManager.Update () [0x0002b] in <938ac25ca9e84746a6c9c1fe7e3705d9>:0 

[Info   :CardShopCoop] AUTO: hosting now
[Info   :CardShopCoop] Hosting on port 27886
[Info   :CardShopCoop] Player transform resolved: InteractionPlayerController
[Info   :CardShopCoop] diag: role=Host conns=0 sentStates=166 recvStates=0 inGame=True player=True
[Info   :CardShopCoop] diag: role=Host conns=0 sentStates=338 recvStates=0 inGame=True player=True
[Info   :CardShopCoop] diag: role=Host conns=0 sentStates=508 recvStates=0 inGame=True player=True
[Info   :CardShopCoop] Connection 1 opened
[Info   :CardShopCoop] zwhit joined, sending world...
SaveGameData saveSlotIndex 0
Null Ref Data Present SetLoadData5
Null Ref Data Present SetLoadData8
Null Ref Data Present SetLoadData9
Null Ref Data Present SetLoadData10
Null Ref Data Present SetLoadData11
Null Ref Data Present SetLoadData12
Null Ref Data Present SetLoadData13
Null Ref Data Present SetLoadData14
Null Ref Data Present SetLoadData15
Null Ref Data Present SetLoadData16
Null Ref Data Present SetLoadData17
Null Ref Data Present SetLoadData18
Null Ref Data Present SetLoadData19
Null Ref Data Present SetLoadData20
Null Ref Data Present SetLoadData21
Null Ref Data Present SetLoadData22
Null Ref Data Present SetLoadData23
Null Ref Data Present SetLoadData24
Null Ref Data Present SetLoadData25
Null Ref Data Present SetLoadData26
Null Ref Data Present SetLoadData27
Null Ref Data Present SetLoadData28
Null Ref Data Present SetLoadData29
Null Ref Data Present SetLoadData30
Null Ref Data Present SetLoadData31
Null Ref Data Present SetLoadData32
Null Ref Data Present SetLoadData33
Null Ref Data Present SetLoadData34
Null Ref Data Present SetLoadData37
Null Ref Data Present SetLoadData40
Null Ref Data Present SetLoadData56
Null Ref Data Present SetLoadData62
Null Ref Data Present SetLoadData63
Null Ref Data Present SetLoadData64
Null Ref Data Present SetLoadData65
Null Ref Data Present SetLoadData66
Null Ref Data Present SetLoadData67
Null Ref Data Present SetLoadData68
Null Ref Data Present SetLoadData69
Null Ref Data Present SetLoadData70
Null Ref Data Present SetLoadData71
Null Ref Data Present SetLoadData72
Null Ref Data Present SetLoadData73
Null Ref Data Present SetLoadData74
Null Ref Data Present SetLoadData75
Null Ref Data Present SetLoadData76
Null Ref Data Present SetLoadData77
Null Ref Data Present SetLoadData78
Null Ref Data Present SetLoadData79
Null Ref Data Present SetLoadData80
Null Ref Data Present SetLoadData81
Null Ref Data Present SetLoadData82
Null Ref Data Present SetLoadData83
Null Ref Data Present SetLoadData84
Null Ref Data Present SetLoadData85
Null Ref Data Present SetLoadData86
Null Ref Data Present SetLoadData87
Null Ref Data Present SetLoadData88
Null Ref Data Present SetLoadData89
Null Ref Data Present SetLoadData90
Null Ref Data Present SetLoadData91
Null Ref Data Present SetLoadData92
Null Ref Data Present SetLoadData93
Null Ref Data Present SetLoadData94
Null Ref Data Present SetLoadData95
Null Ref Data Present SetLoadData96
Null Ref Data Present SetLoadData97
Null Ref Data Present SetLoadData98
Null Ref Data Present SetLoadData99
Null Ref Data Present SetLoadData100
Null Ref Data Present SetLoadData101
Null Ref Data Present SetLoadData102
Null Ref Data Present SetLoadData103
Null Ref Data Present SetLoadData104
Null Ref Data Present SetLoadData105
Null Ref Data Present SetLoadData106
Null Ref Data Present SetLoadData107
Null Ref Data Present SetLoadData108
Null Ref Data Present SetLoadData109
Null Ref Data Present SetLoadData110
Null Ref Data Present SetLoadData111
Null Ref Data Present SetLoadData112
Null Ref Data Present SetLoadData113
Null Ref Data Present SetLoadData114
Null Ref Data Present SetLoadData115
Null Ref Data Present SetLoadData116
Null Ref Data Present SetLoadData117
Null Ref Data Present SetLoadData118
Null Ref Data Present SetLoadData119
Null Ref Data Present SetLoadData120
Null Ref Data Present SetLoadData121
Null Ref Data Present SetLoadData122
Null Ref Data Present SetLoadData123
Null Ref Data Present SetLoadData154
Null Ref Data Present SetLoadData155
SetLoadData finish
[Debug  :Reviews Matter] [ReviewSave][Snapshot] 50 custom texts captured from 50 reviews.
[Info   :Worker AI Overhaul] [Worker AI Overhaul][Save] Saving slot 0 with 2 worker entries
Save saveSlotIndex 0
Save process done
[CustomObjects_Save] Saved custom objects to C:\Program Files (x86)\Steam\steamapps\common\TCG Card Shop Simulator\BepInEx\plugins\TextureReplacer\objects_custom/placed_custom_objects_saveslot_0.json | types=0
CSaveLoad.Save() finish
[Info   :CardShopCoop] Sidecar bundle: 15 mod files, 31348 KB
[Info   :CardShopCoop] diag: role=Host conns=1 sentStates=675 recvStates=0 inGame=True player=True
[Info   :CardShopCoop] diag: role=Host conns=1 sentStates=839 recvStates=0 inGame=True player=True
[Info   :CardShopCoop] diag: role=Host conns=1 sentStates=1002 recvStates=0 inGame=True player=True
[Info   :CardShopCoop] diag: role=Host conns=1 sentStates=1161 recvStates=0 inGame=True player=True
[Info   :CardShopCoop] Position link active with zwhit
Can't remove Seeker (Script) because SimpleSmoothModifier (Script) depends on it
[Info   :CardShopCoop] Avatar animator params: Blend TestCurve MoveSpeed RandomPlayIndex PlayGameEmote ScanItem GrabItem GrabItemHigh ShakeHead HoldingBag HandingOverCash IsSitting IsPlaying IsHoldingBox IsBeingSprayed WinnerHoldItemL WinnerHoldItemR WinnerHoldBigItemL WinnerHoldBigItemR WinnerHoldItemLowL WinnerHoldItemLowR 
The resource LegacyRuntime.ttf could not be loaded from the resource file!
The resource LegacyRuntime.ttf could not be loaded from the resource file!
[Info   :CardShopCoop] Spawned co-op avatar for 'zwhit' (female model)
[Info   :CardShopCoop] diag: role=Host conns=1 sentStates=1326 recvStates=1 inGame=True player=True
[Info   :CardShopCoop] diag: role=Host conns=1 sentStates=1488 recvStates=1 inGame=True player=True
[Info   :CardShopCoop] diag: role=Host conns=1 sentStates=1655 recvStates=1 inGame=True player=True
[Warning:CardShopCoop] Connection 1 timed out
[Info   :CardShopCoop] zwhit left
[Info   :CardShopCoop] diag: role=Host conns=0 sentStates=1821 recvStates=1 inGame=True player=True
[Info   :CardShopCoop] diag: role=Host conns=0 sentStates=1976 recvStates=1 inGame=True player=True
[Info   :CardShopCoop] diag: role=Host conns=0 sentStates=2120 recvStates=1 inGame=True player=True
[Info   :Phone - Overhaul] [Layouts] Layout cfg ready: C:\Program Files (x86)\Steam\steamapps\common\TCG Card Shop Simulator\BepInEx\config\munch.PhoneOverhaul.Layouts.cfg
Unexpected timestamp values detected. This can occur in H.264 videos not encoded with the baseline profile. Timestamps will be skewed to correct the playback for C:/Program Files (x86)/Steam/steamapps/common/TCG Card Shop Simulator/BepInEx/plugins/Phone - Overhaul/Wallpaper/PTCGO_Pokemon/Umbreon.mp4
[Info   :CardShopCoop] diag: role=Host conns=0 sentStates=2269 recvStates=1 inGame=True player=True
[Info   :CardShopCoop] diag: role=Host conns=0 sentStates=2419 recvStates=1 inGame=True player=True
[Info   :CardShopCoop] diag: role=Host conns=0 sentStates=2576 recvStates=1 inGame=True player=True
[Info   :CardShopCoop] Connection 2 opened
[Info   :CardShopCoop] zwhit joined, sending world...
SaveGameData saveSlotIndex 0
SetLoadData finish
[Debug  :Reviews Matter] [ReviewSave][Snapshot] 50 custom texts captured from 50 reviews.
[Info   :Worker AI Overhaul] [Worker AI Overhaul][Save] Saving slot 0 with 2 worker entries
Save saveSlotIndex 0
Save process done
[CustomObjects_Save] Saved custom objects to C:\Program Files (x86)\Steam\steamapps\common\TCG Card Shop Simulator\BepInEx\plugins\TextureReplacer\objects_custom/placed_custom_objects_saveslot_0.json | types=0
CSaveLoad.Save() finish
[Info   :CardShopCoop] Sidecar bundle: 15 mod files, 31348 KB
[Info   :CardShopCoop] diag: role=Host conns=1 sentStates=2741 recvStates=1 inGame=True player=True
[Info   :CardShopCoop] Position link active with zwhit
Can't remove Seeker (Script) because SimpleSmoothModifier (Script) depends on it
The resource LegacyRuntime.ttf could not be loaded from the resource file!
The resource LegacyRuntime.ttf could not be loaded from the resource file!
[Info   :CardShopCoop] Spawned co-op avatar for 'zwhit' (female model)
[Info   :CardShopCoop] diag: role=Host conns=1 sentStates=2897 recvStates=2 inGame=True player=True
[Info   :CardShopCoop] diag: role=Host conns=1 sentStates=3051 recvStates=93 inGame=True player=True
[Info   :CardShopCoop] zwhit left
[Info   :CardShopCoop] diag: role=Host conns=0 sentStates=3218 recvStates=93 inGame=True player=True
[Info   :CardShopCoop] diag: role=Host conns=0 sentStates=3386 recvStates=93 inGame=True player=True
[Info   :CardShopCoop] diag: role=Host conns=0 sentStates=3554 recvStates=93 inGame=True player=True
[Info   :CardShopCoop] diag: role=Host conns=0 sentStates=3728 recvStates=93 inGame=True player=True
